<?xml version="1.0" encoding="UTF-8"?>
<testsuite name="br.com.ds.UserTest" tests="1" skipped="0" failures="0" errors="0" timestamp="2024-04-26T01:28:08" hostname="yukimori" time="0.044">
  <properties/>
  <testcase name="testUser" classname="br.com.ds.UserTest" time="0.044"/>
  <system-out><![CDATA[]]></system-out>
  <system-err><![CDATA[]]></system-err>
</testsuite>
